2025-11-27 21:21:06 INFO [com.example.yin.YinMusicApplication]: Starting YinMusicApplication using Java 1.8.0_112 on DESKTOP-BL509D7 with PID 12792 (D:\Work\USERPROG\github\music-website-master\music-server\target\classes started by liam in D:\Work\USERPROG\github\music-website-master)
2025-11-27 21:21:06 INFO [com.example.yin.YinMusicApplication]: The following profiles are active: dev
2025-11-27 21:21:06 INFO [org.springframework.boot.devtools.env.DevToolsPropertyDefaultsPostProcessor]: Devtools property defaults active! Set 'spring.devtools.add-properties' to 'false' to disable
2025-11-27 21:21:06 INFO [org.springframework.boot.devtools.env.DevToolsPropertyDefaultsPostProcessor]: For additional web related logging consider setting the 'logging.level.web' property to 'DEBUG'
2025-11-27 21:21:08 INFO [org.springframework.data.repository.config.RepositoryConfigurationDelegate]: Multiple Spring Data modules found, entering strict repository configuration mode!
2025-11-27 21:21:08 INFO [org.springframework.data.repository.config.RepositoryConfigurationDelegate]: Bootstrapping Spring Data Redis repositories in DEFAULT mode.
2025-11-27 21:21:08 INFO [org.springframework.data.repository.config.RepositoryConfigurationDelegate]: Finished Spring Data repository scanning in 35 ms. Found 0 Redis repository interfaces.
2025-11-27 21:21:11 INFO [org.springframework.boot.web.embedded.tomcat.TomcatWebServer]: Tomcat initialized with port(s): 8081 (http)
2025-11-27 21:21:11 INFO [org.springframework.boot.web.servlet.context.ServletWebServerApplicationContext]: Root WebApplicationContext: initialization completed in 5555 ms
2025-11-27 21:21:13 INFO [org.springframework.boot.devtools.autoconfigure.OptionalLiveReloadServer]: LiveReload server is running on port 35729
2025-11-27 21:21:13 INFO [org.springframework.boot.actuate.endpoint.web.EndpointLinksResolver]: Exposing 1 endpoint(s) beneath base path '/actuator'
2025-11-27 21:21:13 INFO [org.springframework.boot.web.embedded.tomcat.TomcatWebServer]: Tomcat started on port(s): 8081 (http) with context path ''
2025-11-27 21:21:13 INFO [com.example.yin.YinMusicApplication]: Started YinMusicApplication in 7.986 seconds (JVM running for 9.054)
2025-11-27 21:44:12 INFO [org.springframework.web.servlet.DispatcherServlet]: Initializing Servlet 'dispatcherServlet'
2025-11-27 21:44:12 INFO [org.springframework.web.servlet.DispatcherServlet]: Completed initialization in 2 ms
2025-11-27 21:44:12 INFO [com.zaxxer.hikari.HikariDataSource]: HikariPool-1 - Starting...
2025-11-27 21:44:13 INFO [com.zaxxer.hikari.HikariDataSource]: HikariPool-1 - Start completed.
2025-11-27 21:57:49 INFO [com.example.yin.YinMusicApplication]: Starting YinMusicApplication using Java 1.8.0_112 on DESKTOP-BL509D7 with PID 12148 (D:\Work\USERPROG\github\music-website-master\music-server\target\classes started by liam in D:\Work\USERPROG\github\music-website-master)
2025-11-27 21:57:49 INFO [com.example.yin.YinMusicApplication]: The following profiles are active: dev
2025-11-27 21:57:49 INFO [org.springframework.boot.devtools.env.DevToolsPropertyDefaultsPostProcessor]: Devtools property defaults active! Set 'spring.devtools.add-properties' to 'false' to disable
2025-11-27 21:57:49 INFO [org.springframework.boot.devtools.env.DevToolsPropertyDefaultsPostProcessor]: For additional web related logging consider setting the 'logging.level.web' property to 'DEBUG'
2025-11-27 21:57:50 INFO [org.springframework.data.repository.config.RepositoryConfigurationDelegate]: Multiple Spring Data modules found, entering strict repository configuration mode!
2025-11-27 21:57:50 INFO [org.springframework.data.repository.config.RepositoryConfigurationDelegate]: Bootstrapping Spring Data Redis repositories in DEFAULT mode.
2025-11-27 21:57:50 INFO [org.springframework.data.repository.config.RepositoryConfigurationDelegate]: Finished Spring Data repository scanning in 33 ms. Found 0 Redis repository interfaces.
2025-11-27 21:57:53 INFO [org.springframework.boot.web.embedded.tomcat.TomcatWebServer]: Tomcat initialized with port(s): 8081 (http)
2025-11-27 21:57:53 INFO [org.springframework.boot.web.servlet.context.ServletWebServerApplicationContext]: Root WebApplicationContext: initialization completed in 4402 ms
2025-11-27 21:57:55 INFO [org.springframework.boot.devtools.autoconfigure.OptionalLiveReloadServer]: LiveReload server is running on port 35729
2025-11-27 21:57:55 INFO [org.springframework.boot.actuate.endpoint.web.EndpointLinksResolver]: Exposing 1 endpoint(s) beneath base path '/actuator'
2025-11-27 21:57:55 INFO [org.springframework.boot.web.embedded.tomcat.TomcatWebServer]: Tomcat started on port(s): 8081 (http) with context path ''
2025-11-27 21:57:55 INFO [com.example.yin.YinMusicApplication]: Started YinMusicApplication in 7.035 seconds (JVM running for 9.015)
2025-11-27 21:58:04 INFO [org.springframework.web.servlet.DispatcherServlet]: Initializing Servlet 'dispatcherServlet'
2025-11-27 21:58:04 INFO [org.springframework.web.servlet.DispatcherServlet]: Completed initialization in 2 ms
2025-11-27 21:59:15 INFO [com.zaxxer.hikari.HikariDataSource]: HikariPool-1 - Starting...
2025-11-27 21:59:15 INFO [com.zaxxer.hikari.HikariDataSource]: HikariPool-1 - Start completed.
2025-11-27 22:04:26 INFO [com.example.yin.YinMusicApplication]: Starting YinMusicApplication using Java 1.8.0_112 on DESKTOP-BL509D7 with PID 10668 (D:\Work\USERPROG\github\music-website-master\music-server\target\classes started by liam in D:\Work\USERPROG\github\music-website-master)
2025-11-27 22:04:26 INFO [com.example.yin.YinMusicApplication]: The following profiles are active: dev
2025-11-27 22:04:26 INFO [org.springframework.boot.devtools.env.DevToolsPropertyDefaultsPostProcessor]: Devtools property defaults active! Set 'spring.devtools.add-properties' to 'false' to disable
2025-11-27 22:04:26 INFO [org.springframework.boot.devtools.env.DevToolsPropertyDefaultsPostProcessor]: For additional web related logging consider setting the 'logging.level.web' property to 'DEBUG'
2025-11-27 22:04:27 INFO [org.springframework.data.repository.config.RepositoryConfigurationDelegate]: Multiple Spring Data modules found, entering strict repository configuration mode!
2025-11-27 22:04:27 INFO [org.springframework.data.repository.config.RepositoryConfigurationDelegate]: Bootstrapping Spring Data Redis repositories in DEFAULT mode.
2025-11-27 22:04:27 INFO [org.springframework.data.repository.config.RepositoryConfigurationDelegate]: Finished Spring Data repository scanning in 15 ms. Found 0 Redis repository interfaces.
2025-11-27 22:04:29 INFO [org.springframework.boot.web.embedded.tomcat.TomcatWebServer]: Tomcat initialized with port(s): 8081 (http)
2025-11-27 22:04:29 INFO [org.springframework.boot.web.servlet.context.ServletWebServerApplicationContext]: Root WebApplicationContext: initialization completed in 3018 ms
2025-11-27 22:04:30 INFO [org.springframework.boot.devtools.autoconfigure.OptionalLiveReloadServer]: LiveReload server is running on port 35729
2025-11-27 22:04:30 INFO [org.springframework.boot.actuate.endpoint.web.EndpointLinksResolver]: Exposing 1 endpoint(s) beneath base path '/actuator'
2025-11-27 22:04:30 INFO [org.springframework.boot.web.embedded.tomcat.TomcatWebServer]: Tomcat started on port(s): 8081 (http) with context path ''
2025-11-27 22:04:30 INFO [com.example.yin.YinMusicApplication]: Started YinMusicApplication in 4.534 seconds (JVM running for 5.922)
2025-11-27 22:04:30 INFO [org.springframework.web.servlet.DispatcherServlet]: Initializing Servlet 'dispatcherServlet'
2025-11-27 22:04:30 INFO [org.springframework.web.servlet.DispatcherServlet]: Completed initialization in 2 ms
2025-11-27 22:04:30 INFO [com.zaxxer.hikari.HikariDataSource]: HikariPool-1 - Starting...
2025-11-27 22:04:31 INFO [com.zaxxer.hikari.HikariDataSource]: HikariPool-1 - Start completed.
2025-11-27 22:15:50 INFO [com.zaxxer.hikari.HikariDataSource]: HikariPool-1 - Shutdown initiated...
2025-11-27 22:15:50 INFO [com.zaxxer.hikari.HikariDataSource]: HikariPool-1 - Shutdown completed.
2025-11-27 22:19:13 INFO [com.example.yin.YinMusicApplication]: Starting YinMusicApplication using Java 1.8.0_112 on DESKTOP-BL509D7 with PID 9424 (D:\Work\USERPROG\github\music-website-master\music-server\target\classes started by liam in D:\Work\USERPROG\github\music-website-master)
2025-11-27 22:19:13 INFO [com.example.yin.YinMusicApplication]: The following profiles are active: dev
2025-11-27 22:19:13 INFO [org.springframework.boot.devtools.env.DevToolsPropertyDefaultsPostProcessor]: Devtools property defaults active! Set 'spring.devtools.add-properties' to 'false' to disable
2025-11-27 22:19:13 INFO [org.springframework.boot.devtools.env.DevToolsPropertyDefaultsPostProcessor]: For additional web related logging consider setting the 'logging.level.web' property to 'DEBUG'
2025-11-27 22:19:15 INFO [org.springframework.data.repository.config.RepositoryConfigurationDelegate]: Multiple Spring Data modules found, entering strict repository configuration mode!
2025-11-27 22:19:15 INFO [org.springframework.data.repository.config.RepositoryConfigurationDelegate]: Bootstrapping Spring Data Redis repositories in DEFAULT mode.
2025-11-27 22:19:15 INFO [org.springframework.data.repository.config.RepositoryConfigurationDelegate]: Finished Spring Data repository scanning in 17 ms. Found 0 Redis repository interfaces.
2025-11-27 22:19:17 INFO [org.springframework.boot.web.embedded.tomcat.TomcatWebServer]: Tomcat initialized with port(s): 8081 (http)
2025-11-27 22:19:17 INFO [org.springframework.boot.web.servlet.context.ServletWebServerApplicationContext]: Root WebApplicationContext: initialization completed in 3531 ms
2025-11-27 22:19:18 INFO [org.springframework.boot.devtools.autoconfigure.OptionalLiveReloadServer]: LiveReload server is running on port 35729
2025-11-27 22:19:18 INFO [org.springframework.boot.actuate.endpoint.web.EndpointLinksResolver]: Exposing 1 endpoint(s) beneath base path '/actuator'
2025-11-27 22:19:18 INFO [org.springframework.boot.web.embedded.tomcat.TomcatWebServer]: Tomcat started on port(s): 8081 (http) with context path ''
2025-11-27 22:19:18 INFO [com.example.yin.YinMusicApplication]: Started YinMusicApplication in 5.136 seconds (JVM running for 6.024)
2025-11-27 22:19:19 INFO [org.springframework.web.servlet.DispatcherServlet]: Initializing Servlet 'dispatcherServlet'
2025-11-27 22:19:19 INFO [org.springframework.web.servlet.DispatcherServlet]: Completed initialization in 3 ms
2025-11-27 22:19:19 INFO [com.zaxxer.hikari.HikariDataSource]: HikariPool-1 - Starting...
2025-11-27 22:19:19 INFO [com.zaxxer.hikari.HikariDataSource]: HikariPool-1 - Start completed.
2025-11-27 22:24:00 INFO [com.zaxxer.hikari.HikariDataSource]: HikariPool-1 - Shutdown initiated...
2025-11-27 22:24:00 INFO [com.zaxxer.hikari.HikariDataSource]: HikariPool-1 - Shutdown completed.
