2025-10-29 10:46:32 INFO [com.example.yin.YinMusicApplication]: Starting YinMusicApplication using Java 1.8.0_112 on DESKTOP-BL509D7 with PID 24068 (D:\Work\USERPROG\github\music-website-master\music-server\target\classes started by liam in D:\Work\USERPROG\github\music-website-master)
2025-10-29 10:46:32 INFO [com.example.yin.YinMusicApplication]: The following profiles are active: dev
2025-10-29 10:46:32 INFO [org.springframework.boot.devtools.env.DevToolsPropertyDefaultsPostProcessor]: Devtools property defaults active! Set 'spring.devtools.add-properties' to 'false' to disable
2025-10-29 10:46:32 INFO [org.springframework.boot.devtools.env.DevToolsPropertyDefaultsPostProcessor]: For additional web related logging consider setting the 'logging.level.web' property to 'DEBUG'
2025-10-29 10:46:33 INFO [org.springframework.data.repository.config.RepositoryConfigurationDelegate]: Multiple Spring Data modules found, entering strict repository configuration mode!
2025-10-29 10:46:33 INFO [org.springframework.data.repository.config.RepositoryConfigurationDelegate]: Bootstrapping Spring Data Redis repositories in DEFAULT mode.
2025-10-29 10:46:33 INFO [org.springframework.data.repository.config.RepositoryConfigurationDelegate]: Finished Spring Data repository scanning in 14 ms. Found 0 Redis repository interfaces.
2025-10-29 10:46:36 INFO [org.springframework.boot.web.embedded.tomcat.TomcatWebServer]: Tomcat initialized with port(s): 8888 (http)
2025-10-29 10:46:36 INFO [org.springframework.boot.web.servlet.context.ServletWebServerApplicationContext]: Root WebApplicationContext: initialization completed in 3509 ms
2025-10-29 10:46:37 INFO [org.springframework.boot.devtools.autoconfigure.OptionalLiveReloadServer]: LiveReload server is running on port 35729
2025-10-29 10:46:37 INFO [org.springframework.boot.web.embedded.tomcat.TomcatWebServer]: Tomcat started on port(s): 8888 (http) with context path ''
2025-10-29 10:46:37 INFO [com.example.yin.YinMusicApplication]: Started YinMusicApplication in 5.425 seconds (JVM running for 6.864)
2025-10-29 10:47:27 INFO [org.springframework.web.servlet.DispatcherServlet]: Initializing Servlet 'dispatcherServlet'
2025-10-29 10:47:27 INFO [org.springframework.web.servlet.DispatcherServlet]: Completed initialization in 0 ms
2025-10-29 10:47:27 WARN [org.springframework.web.servlet.PageNotFound]: No mapping for GET /tree
2025-10-29 10:47:28 WARN [org.springframework.web.servlet.PageNotFound]: No mapping for GET /favicon.ico
2025-10-29 10:47:30 WARN [org.springframework.web.servlet.PageNotFound]: No mapping for GET /
2025-10-29 10:49:24 WARN [org.springframework.web.servlet.PageNotFound]: No mapping for GET /
2025-10-29 10:49:25 WARN [org.springframework.web.servlet.PageNotFound]: No mapping for GET /
2025-10-29 10:49:39 INFO [com.zaxxer.hikari.HikariDataSource]: HikariPool-1 - Starting...
2025-10-29 10:49:39 INFO [com.zaxxer.hikari.HikariDataSource]: HikariPool-1 - Start completed.
2025-10-29 10:50:47 WARN [org.springframework.web.servlet.PageNotFound]: No mapping for GET /
2025-10-29 10:52:47 INFO [com.zaxxer.hikari.HikariDataSource]: HikariPool-1 - Shutdown initiated...
2025-10-29 10:52:47 INFO [com.zaxxer.hikari.HikariDataSource]: HikariPool-1 - Shutdown completed.
2025-10-29 10:55:11 INFO [com.example.yin.YinMusicApplication]: Starting YinMusicApplication using Java 1.8.0_112 on DESKTOP-BL509D7 with PID 3376 (D:\Work\USERPROG\github\music-website-master\music-server\target\classes started by liam in D:\Work\USERPROG\github\music-website-master)
2025-10-29 10:55:11 INFO [com.example.yin.YinMusicApplication]: The following profiles are active: dev
2025-10-29 10:55:11 INFO [org.springframework.boot.devtools.env.DevToolsPropertyDefaultsPostProcessor]: Devtools property defaults active! Set 'spring.devtools.add-properties' to 'false' to disable
2025-10-29 10:55:11 INFO [org.springframework.boot.devtools.env.DevToolsPropertyDefaultsPostProcessor]: For additional web related logging consider setting the 'logging.level.web' property to 'DEBUG'
2025-10-29 10:55:12 INFO [org.springframework.data.repository.config.RepositoryConfigurationDelegate]: Multiple Spring Data modules found, entering strict repository configuration mode!
2025-10-29 10:55:12 INFO [org.springframework.data.repository.config.RepositoryConfigurationDelegate]: Bootstrapping Spring Data Redis repositories in DEFAULT mode.
2025-10-29 10:55:12 INFO [org.springframework.data.repository.config.RepositoryConfigurationDelegate]: Finished Spring Data repository scanning in 17 ms. Found 0 Redis repository interfaces.
2025-10-29 10:55:14 INFO [org.springframework.boot.web.embedded.tomcat.TomcatWebServer]: Tomcat initialized with port(s): 8888 (http)
2025-10-29 10:55:14 INFO [org.springframework.boot.web.servlet.context.ServletWebServerApplicationContext]: Root WebApplicationContext: initialization completed in 3138 ms
2025-10-29 10:55:15 INFO [org.springframework.boot.devtools.autoconfigure.OptionalLiveReloadServer]: LiveReload server is running on port 35729
2025-10-29 10:55:15 INFO [org.springframework.boot.web.embedded.tomcat.TomcatWebServer]: Tomcat started on port(s): 8888 (http) with context path ''
2025-10-29 10:55:15 INFO [com.example.yin.YinMusicApplication]: Started YinMusicApplication in 4.526 seconds (JVM running for 5.509)
2025-10-29 10:55:43 INFO [org.springframework.web.servlet.DispatcherServlet]: Initializing Servlet 'dispatcherServlet'
2025-10-29 10:55:43 INFO [org.springframework.web.servlet.DispatcherServlet]: Completed initialization in 1 ms
2025-10-29 10:55:43 INFO [com.zaxxer.hikari.HikariDataSource]: HikariPool-1 - Starting...
2025-10-29 10:55:43 INFO [com.zaxxer.hikari.HikariDataSource]: HikariPool-1 - Start completed.
2025-10-29 11:04:49 INFO [com.zaxxer.hikari.HikariDataSource]: HikariPool-1 - Shutdown initiated...
2025-10-29 11:04:49 INFO [com.zaxxer.hikari.HikariDataSource]: HikariPool-1 - Shutdown completed.
2025-10-29 11:05:01 INFO [com.example.yin.YinMusicApplication]: Starting YinMusicApplication using Java 1.8.0_112 on DESKTOP-BL509D7 with PID 1560 (D:\Work\USERPROG\github\music-website-master\music-server\target\classes started by liam in D:\Work\USERPROG\github\music-website-master)
2025-10-29 11:05:01 INFO [com.example.yin.YinMusicApplication]: The following profiles are active: dev
2025-10-29 11:05:01 INFO [org.springframework.boot.devtools.env.DevToolsPropertyDefaultsPostProcessor]: Devtools property defaults active! Set 'spring.devtools.add-properties' to 'false' to disable
2025-10-29 11:05:01 INFO [org.springframework.boot.devtools.env.DevToolsPropertyDefaultsPostProcessor]: For additional web related logging consider setting the 'logging.level.web' property to 'DEBUG'
2025-10-29 11:05:02 INFO [org.springframework.data.repository.config.RepositoryConfigurationDelegate]: Multiple Spring Data modules found, entering strict repository configuration mode!
2025-10-29 11:05:02 INFO [org.springframework.data.repository.config.RepositoryConfigurationDelegate]: Bootstrapping Spring Data Redis repositories in DEFAULT mode.
2025-10-29 11:05:02 INFO [org.springframework.data.repository.config.RepositoryConfigurationDelegate]: Finished Spring Data repository scanning in 17 ms. Found 0 Redis repository interfaces.
2025-10-29 11:05:04 INFO [org.springframework.boot.web.embedded.tomcat.TomcatWebServer]: Tomcat initialized with port(s): 8888 (http)
2025-10-29 11:05:04 INFO [org.springframework.boot.web.servlet.context.ServletWebServerApplicationContext]: Root WebApplicationContext: initialization completed in 3359 ms
2025-10-29 11:05:05 INFO [org.springframework.boot.devtools.autoconfigure.OptionalLiveReloadServer]: LiveReload server is running on port 35729
2025-10-29 11:05:05 INFO [org.springframework.boot.actuate.endpoint.web.EndpointLinksResolver]: Exposing 1 endpoint(s) beneath base path '/actuator'
2025-10-29 11:05:05 INFO [org.springframework.boot.web.embedded.tomcat.TomcatWebServer]: Tomcat started on port(s): 8888 (http) with context path ''
2025-10-29 11:05:05 INFO [com.example.yin.YinMusicApplication]: Started YinMusicApplication in 4.886 seconds (JVM running for 6.112)
2025-10-29 11:05:06 INFO [org.springframework.web.servlet.DispatcherServlet]: Initializing Servlet 'dispatcherServlet'
2025-10-29 11:05:06 INFO [org.springframework.web.servlet.DispatcherServlet]: Completed initialization in 2 ms
2025-10-29 11:05:06 INFO [com.zaxxer.hikari.HikariDataSource]: HikariPool-1 - Starting...
2025-10-29 11:05:06 INFO [com.zaxxer.hikari.HikariDataSource]: HikariPool-1 - Start completed.
2025-10-29 11:05:06 WARN [org.springframework.boot.actuate.mail.MailHealthIndicator]: Mail health check failed
javax.mail.AuthenticationFailedException: failed to connect, no password specified?
	at javax.mail.Service.connect(Service.java:376)
	at org.springframework.mail.javamail.JavaMailSenderImpl.connectTransport(JavaMailSenderImpl.java:518)
	at org.springframework.mail.javamail.JavaMailSenderImpl.testConnection(JavaMailSenderImpl.java:398)
	at org.springframework.boot.actuate.mail.MailHealthIndicator.doHealthCheck(MailHealthIndicator.java:42)
	at org.springframework.boot.actuate.health.AbstractHealthIndicator.health(AbstractHealthIndicator.java:82)
	at org.springframework.boot.actuate.health.HealthIndicator.getHealth(HealthIndicator.java:37)
	at org.springframework.boot.actuate.health.HealthEndpoint.getHealth(HealthEndpoint.java:77)
	at org.springframework.boot.actuate.health.HealthEndpoint.getHealth(HealthEndpoint.java:40)
	at org.springframework.boot.actuate.health.HealthEndpointSupport.getContribution(HealthEndpointSupport.java:130)
	at org.springframework.boot.actuate.health.HealthEndpointSupport.getAggregateContribution(HealthEndpointSupport.java:141)
	at org.springframework.boot.actuate.health.HealthEndpointSupport.getContribution(HealthEndpointSupport.java:126)
	at org.springframework.boot.actuate.health.HealthEndpointSupport.getHealth(HealthEndpointSupport.java:95)
	at org.springframework.boot.actuate.health.HealthEndpointSupport.getHealth(HealthEndpointSupport.java:66)
	at org.springframework.boot.actuate.health.HealthEndpoint.health(HealthEndpoint.java:71)
	at org.springframework.boot.actuate.health.HealthEndpoint.health(HealthEndpoint.java:61)
	at sun.reflect.NativeMethodAccessorImpl.invoke0(Native Method)
	at sun.reflect.NativeMethodAccessorImpl.invoke(NativeMethodAccessorImpl.java:62)
	at sun.reflect.DelegatingMethodAccessorImpl.invoke(DelegatingMethodAccessorImpl.java:43)
	at java.lang.reflect.Method.invoke(Method.java:498)
	at org.springframework.util.ReflectionUtils.invokeMethod(ReflectionUtils.java:282)
	at org.springframework.boot.actuate.endpoint.invoke.reflect.ReflectiveOperationInvoker.invoke(ReflectiveOperationInvoker.java:74)
	at org.springframework.boot.actuate.endpoint.annotation.AbstractDiscoveredOperation.invoke(AbstractDiscoveredOperation.java:60)
	at org.springframework.boot.actuate.endpoint.jmx.EndpointMBean.invoke(EndpointMBean.java:121)
	at org.springframework.boot.actuate.endpoint.jmx.EndpointMBean.invoke(EndpointMBean.java:96)
	at com.sun.jmx.interceptor.DefaultMBeanServerInterceptor.invoke(DefaultMBeanServerInterceptor.java:819)
	at com.sun.jmx.mbeanserver.JmxMBeanServer.invoke(JmxMBeanServer.java:801)
	at javax.management.remote.rmi.RMIConnectionImpl.doOperation(RMIConnectionImpl.java:1468)
	at javax.management.remote.rmi.RMIConnectionImpl.access$300(RMIConnectionImpl.java:76)
	at javax.management.remote.rmi.RMIConnectionImpl$PrivilegedOperation.run(RMIConnectionImpl.java:1309)
	at javax.management.remote.rmi.RMIConnectionImpl.doPrivilegedOperation(RMIConnectionImpl.java:1401)
	at javax.management.remote.rmi.RMIConnectionImpl.invoke(RMIConnectionImpl.java:829)
	at sun.reflect.GeneratedMethodAccessor90.invoke(Unknown Source)
	at sun.reflect.DelegatingMethodAccessorImpl.invoke(DelegatingMethodAccessorImpl.java:43)
	at java.lang.reflect.Method.invoke(Method.java:498)
	at sun.rmi.server.UnicastServerRef.dispatch(UnicastServerRef.java:324)
	at sun.rmi.transport.Transport$1.run(Transport.java:200)
	at sun.rmi.transport.Transport$1.run(Transport.java:197)
	at java.security.AccessController.doPrivileged(Native Method)
	at sun.rmi.transport.Transport.serviceCall(Transport.java:196)
	at sun.rmi.transport.tcp.TCPTransport.handleMessages(TCPTransport.java:568)
	at sun.rmi.transport.tcp.TCPTransport$ConnectionHandler.run0(TCPTransport.java:826)
	at sun.rmi.transport.tcp.TCPTransport$ConnectionHandler.lambda$run$0(TCPTransport.java:683)
	at java.security.AccessController.doPrivileged(Native Method)
	at sun.rmi.transport.tcp.TCPTransport$ConnectionHandler.run(TCPTransport.java:682)
	at java.util.concurrent.ThreadPoolExecutor.runWorker(ThreadPoolExecutor.java:1142)
	at java.util.concurrent.ThreadPoolExecutor$Worker.run(ThreadPoolExecutor.java:617)
	at java.lang.Thread.run(Thread.java:745)
2025-10-29 11:05:44 WARN [org.springframework.web.servlet.PageNotFound]: No mapping for GET /
2025-10-29 11:07:45 INFO [com.zaxxer.hikari.HikariDataSource]: HikariPool-1 - Shutdown initiated...
2025-10-29 11:07:45 INFO [com.zaxxer.hikari.HikariDataSource]: HikariPool-1 - Shutdown completed.
2025-10-29 11:07:48 INFO [com.example.yin.YinMusicApplication]: Starting YinMusicApplication using Java 1.8.0_112 on DESKTOP-BL509D7 with PID 17176 (D:\Work\USERPROG\github\music-website-master\music-server\target\classes started by liam in D:\Work\USERPROG\github\music-website-master)
2025-10-29 11:07:48 INFO [com.example.yin.YinMusicApplication]: The following profiles are active: dev
2025-10-29 11:07:48 INFO [org.springframework.boot.devtools.env.DevToolsPropertyDefaultsPostProcessor]: Devtools property defaults active! Set 'spring.devtools.add-properties' to 'false' to disable
2025-10-29 11:07:48 INFO [org.springframework.boot.devtools.env.DevToolsPropertyDefaultsPostProcessor]: For additional web related logging consider setting the 'logging.level.web' property to 'DEBUG'
2025-10-29 11:07:49 INFO [org.springframework.data.repository.config.RepositoryConfigurationDelegate]: Multiple Spring Data modules found, entering strict repository configuration mode!
2025-10-29 11:07:49 INFO [org.springframework.data.repository.config.RepositoryConfigurationDelegate]: Bootstrapping Spring Data Redis repositories in DEFAULT mode.
2025-10-29 11:07:49 INFO [org.springframework.data.repository.config.RepositoryConfigurationDelegate]: Finished Spring Data repository scanning in 16 ms. Found 0 Redis repository interfaces.
2025-10-29 11:07:51 INFO [org.springframework.boot.web.embedded.tomcat.TomcatWebServer]: Tomcat initialized with port(s): 8081 (http)
2025-10-29 11:07:51 INFO [org.springframework.boot.web.servlet.context.ServletWebServerApplicationContext]: Root WebApplicationContext: initialization completed in 3036 ms
2025-10-29 11:07:52 INFO [org.springframework.boot.devtools.autoconfigure.OptionalLiveReloadServer]: LiveReload server is running on port 35729
2025-10-29 11:07:52 INFO [org.springframework.boot.actuate.endpoint.web.EndpointLinksResolver]: Exposing 1 endpoint(s) beneath base path '/actuator'
2025-10-29 11:07:53 INFO [org.springframework.boot.web.embedded.tomcat.TomcatWebServer]: Tomcat started on port(s): 8081 (http) with context path ''
2025-10-29 11:07:53 INFO [com.example.yin.YinMusicApplication]: Started YinMusicApplication in 4.543 seconds (JVM running for 5.519)
2025-10-29 11:07:53 INFO [org.springframework.web.servlet.DispatcherServlet]: Initializing Servlet 'dispatcherServlet'
2025-10-29 11:07:53 INFO [org.springframework.web.servlet.DispatcherServlet]: Completed initialization in 2 ms
2025-10-29 11:07:53 INFO [com.zaxxer.hikari.HikariDataSource]: HikariPool-1 - Starting...
2025-10-29 11:07:53 INFO [com.zaxxer.hikari.HikariDataSource]: HikariPool-1 - Start completed.
2025-10-29 11:07:53 WARN [org.springframework.boot.actuate.mail.MailHealthIndicator]: Mail health check failed
javax.mail.AuthenticationFailedException: failed to connect, no password specified?
	at javax.mail.Service.connect(Service.java:376)
	at org.springframework.mail.javamail.JavaMailSenderImpl.connectTransport(JavaMailSenderImpl.java:518)
	at org.springframework.mail.javamail.JavaMailSenderImpl.testConnection(JavaMailSenderImpl.java:398)
	at org.springframework.boot.actuate.mail.MailHealthIndicator.doHealthCheck(MailHealthIndicator.java:42)
	at org.springframework.boot.actuate.health.AbstractHealthIndicator.health(AbstractHealthIndicator.java:82)
	at org.springframework.boot.actuate.health.HealthIndicator.getHealth(HealthIndicator.java:37)
	at org.springframework.boot.actuate.health.HealthEndpoint.getHealth(HealthEndpoint.java:77)
	at org.springframework.boot.actuate.health.HealthEndpoint.getHealth(HealthEndpoint.java:40)
	at org.springframework.boot.actuate.health.HealthEndpointSupport.getContribution(HealthEndpointSupport.java:130)
	at org.springframework.boot.actuate.health.HealthEndpointSupport.getAggregateContribution(HealthEndpointSupport.java:141)
	at org.springframework.boot.actuate.health.HealthEndpointSupport.getContribution(HealthEndpointSupport.java:126)
	at org.springframework.boot.actuate.health.HealthEndpointSupport.getHealth(HealthEndpointSupport.java:95)
	at org.springframework.boot.actuate.health.HealthEndpointSupport.getHealth(HealthEndpointSupport.java:66)
	at org.springframework.boot.actuate.health.HealthEndpoint.health(HealthEndpoint.java:71)
	at org.springframework.boot.actuate.health.HealthEndpoint.health(HealthEndpoint.java:61)
	at sun.reflect.NativeMethodAccessorImpl.invoke0(Native Method)
	at sun.reflect.NativeMethodAccessorImpl.invoke(NativeMethodAccessorImpl.java:62)
	at sun.reflect.DelegatingMethodAccessorImpl.invoke(DelegatingMethodAccessorImpl.java:43)
	at java.lang.reflect.Method.invoke(Method.java:498)
	at org.springframework.util.ReflectionUtils.invokeMethod(ReflectionUtils.java:282)
	at org.springframework.boot.actuate.endpoint.invoke.reflect.ReflectiveOperationInvoker.invoke(ReflectiveOperationInvoker.java:74)
	at org.springframework.boot.actuate.endpoint.annotation.AbstractDiscoveredOperation.invoke(AbstractDiscoveredOperation.java:60)
	at org.springframework.boot.actuate.endpoint.jmx.EndpointMBean.invoke(EndpointMBean.java:121)
	at org.springframework.boot.actuate.endpoint.jmx.EndpointMBean.invoke(EndpointMBean.java:96)
	at com.sun.jmx.interceptor.DefaultMBeanServerInterceptor.invoke(DefaultMBeanServerInterceptor.java:819)
	at com.sun.jmx.mbeanserver.JmxMBeanServer.invoke(JmxMBeanServer.java:801)
	at javax.management.remote.rmi.RMIConnectionImpl.doOperation(RMIConnectionImpl.java:1468)
	at javax.management.remote.rmi.RMIConnectionImpl.access$300(RMIConnectionImpl.java:76)
	at javax.management.remote.rmi.RMIConnectionImpl$PrivilegedOperation.run(RMIConnectionImpl.java:1309)
	at javax.management.remote.rmi.RMIConnectionImpl.doPrivilegedOperation(RMIConnectionImpl.java:1401)
	at javax.management.remote.rmi.RMIConnectionImpl.invoke(RMIConnectionImpl.java:829)
	at sun.reflect.NativeMethodAccessorImpl.invoke0(Native Method)
	at sun.reflect.NativeMethodAccessorImpl.invoke(NativeMethodAccessorImpl.java:62)
	at sun.reflect.DelegatingMethodAccessorImpl.invoke(DelegatingMethodAccessorImpl.java:43)
	at java.lang.reflect.Method.invoke(Method.java:498)
	at sun.rmi.server.UnicastServerRef.dispatch(UnicastServerRef.java:324)
	at sun.rmi.transport.Transport$1.run(Transport.java:200)
	at sun.rmi.transport.Transport$1.run(Transport.java:197)
	at java.security.AccessController.doPrivileged(Native Method)
	at sun.rmi.transport.Transport.serviceCall(Transport.java:196)
	at sun.rmi.transport.tcp.TCPTransport.handleMessages(TCPTransport.java:568)
	at sun.rmi.transport.tcp.TCPTransport$ConnectionHandler.run0(TCPTransport.java:826)
	at sun.rmi.transport.tcp.TCPTransport$ConnectionHandler.lambda$run$0(TCPTransport.java:683)
	at java.security.AccessController.doPrivileged(Native Method)
	at sun.rmi.transport.tcp.TCPTransport$ConnectionHandler.run(TCPTransport.java:682)
	at java.util.concurrent.ThreadPoolExecutor.runWorker(ThreadPoolExecutor.java:1142)
	at java.util.concurrent.ThreadPoolExecutor$Worker.run(ThreadPoolExecutor.java:617)
	at java.lang.Thread.run(Thread.java:745)
2025-10-29 11:10:14 INFO [com.zaxxer.hikari.HikariDataSource]: HikariPool-1 - Shutdown initiated...
2025-10-29 11:10:14 INFO [com.zaxxer.hikari.HikariDataSource]: HikariPool-1 - Shutdown completed.
2025-10-29 11:10:18 INFO [com.example.yin.YinMusicApplication]: Starting YinMusicApplication using Java 1.8.0_112 on DESKTOP-BL509D7 with PID 19948 (D:\Work\USERPROG\github\music-website-master\music-server\target\classes started by liam in D:\Work\USERPROG\github\music-website-master)
2025-10-29 11:10:18 INFO [com.example.yin.YinMusicApplication]: The following profiles are active: dev
2025-10-29 11:10:18 INFO [org.springframework.boot.devtools.env.DevToolsPropertyDefaultsPostProcessor]: Devtools property defaults active! Set 'spring.devtools.add-properties' to 'false' to disable
2025-10-29 11:10:18 INFO [org.springframework.boot.devtools.env.DevToolsPropertyDefaultsPostProcessor]: For additional web related logging consider setting the 'logging.level.web' property to 'DEBUG'
2025-10-29 11:10:19 INFO [org.springframework.data.repository.config.RepositoryConfigurationDelegate]: Multiple Spring Data modules found, entering strict repository configuration mode!
2025-10-29 11:10:19 INFO [org.springframework.data.repository.config.RepositoryConfigurationDelegate]: Bootstrapping Spring Data Redis repositories in DEFAULT mode.
2025-10-29 11:10:19 INFO [org.springframework.data.repository.config.RepositoryConfigurationDelegate]: Finished Spring Data repository scanning in 17 ms. Found 0 Redis repository interfaces.
2025-10-29 11:10:21 INFO [org.springframework.boot.web.embedded.tomcat.TomcatWebServer]: Tomcat initialized with port(s): 8081 (http)
2025-10-29 11:10:22 INFO [org.springframework.boot.web.servlet.context.ServletWebServerApplicationContext]: Root WebApplicationContext: initialization completed in 3982 ms
2025-10-29 11:10:22 WARN [org.springframework.boot.web.servlet.context.AnnotationConfigServletWebServerApplicationContext]: Exception encountered during context initialization - cancelling refresh attempt: org.springframework.beans.factory.UnsatisfiedDependencyException: Error creating bean with name 'consumerController': Unsatisfied dependency expressed through field 'simpleOrderManager'; nested exception is org.springframework.beans.factory.BeanCreationException: Error creating bean with name 'simpleOrderManager': Injection of autowired dependencies failed; nested exception is java.lang.IllegalArgumentException: Could not resolve placeholder 'mail.address' in value "${mail.address}"
2025-10-29 11:10:22 INFO [org.springframework.boot.autoconfigure.logging.ConditionEvaluationReportLoggingListener]: 

Error starting ApplicationContext. To display the conditions report re-run your application with 'debug' enabled.
2025-10-29 11:10:22 ERROR [org.springframework.boot.SpringApplication]: Application run failed
org.springframework.beans.factory.UnsatisfiedDependencyException: Error creating bean with name 'consumerController': Unsatisfied dependency expressed through field 'simpleOrderManager'; nested exception is org.springframework.beans.factory.BeanCreationException: Error creating bean with name 'simpleOrderManager': Injection of autowired dependencies failed; nested exception is java.lang.IllegalArgumentException: Could not resolve placeholder 'mail.address' in value "${mail.address}"
	at org.springframework.beans.factory.annotation.AutowiredAnnotationBeanPostProcessor$AutowiredFieldElement.resolveFieldValue(AutowiredAnnotationBeanPostProcessor.java:659)
	at org.springframework.beans.factory.annotation.AutowiredAnnotationBeanPostProcessor$AutowiredFieldElement.inject(AutowiredAnnotationBeanPostProcessor.java:639)
	at org.springframework.beans.factory.annotation.InjectionMetadata.inject(InjectionMetadata.java:119)
	at org.springframework.beans.factory.annotation.AutowiredAnnotationBeanPostProcessor.postProcessProperties(AutowiredAnnotationBeanPostProcessor.java:399)
	at org.springframework.beans.factory.support.AbstractAutowireCapableBeanFactory.populateBean(AbstractAutowireCapableBeanFactory.java:1431)
	at org.springframework.beans.factory.support.AbstractAutowireCapableBeanFactory.doCreateBean(AbstractAutowireCapableBeanFactory.java:619)
	at org.springframework.beans.factory.support.AbstractAutowireCapableBeanFactory.createBean(AbstractAutowireCapableBeanFactory.java:542)
	at org.springframework.beans.factory.support.AbstractBeanFactory.lambda$doGetBean$0(AbstractBeanFactory.java:335)
	at org.springframework.beans.factory.support.DefaultSingletonBeanRegistry.getSingleton(DefaultSingletonBeanRegistry.java:234)
	at org.springframework.beans.factory.support.AbstractBeanFactory.doGetBean(AbstractBeanFactory.java:333)
	at org.springframework.beans.factory.support.AbstractBeanFactory.getBean(AbstractBeanFactory.java:208)
	at org.springframework.beans.factory.support.DefaultListableBeanFactory.preInstantiateSingletons(DefaultListableBeanFactory.java:953)
	at org.springframework.context.support.AbstractApplicationContext.finishBeanFactoryInitialization(AbstractApplicationContext.java:918)
	at org.springframework.context.support.AbstractApplicationContext.refresh(AbstractApplicationContext.java:583)
	at org.springframework.boot.web.servlet.context.ServletWebServerApplicationContext.refresh(ServletWebServerApplicationContext.java:145)
	at org.springframework.boot.SpringApplication.refresh(SpringApplication.java:730)
	at org.springframework.boot.SpringApplication.refreshContext(SpringApplication.java:412)
	at org.springframework.boot.SpringApplication.run(SpringApplication.java:302)
	at org.springframework.boot.SpringApplication.run(SpringApplication.java:1301)
	at org.springframework.boot.SpringApplication.run(SpringApplication.java:1290)
	at com.example.yin.YinMusicApplication.main(YinMusicApplication.java:14)
	at sun.reflect.NativeMethodAccessorImpl.invoke0(Native Method)
	at sun.reflect.NativeMethodAccessorImpl.invoke(NativeMethodAccessorImpl.java:62)
	at sun.reflect.DelegatingMethodAccessorImpl.invoke(DelegatingMethodAccessorImpl.java:43)
	at java.lang.reflect.Method.invoke(Method.java:498)
	at org.springframework.boot.devtools.restart.RestartLauncher.run(RestartLauncher.java:49)
Caused by: org.springframework.beans.factory.BeanCreationException: Error creating bean with name 'simpleOrderManager': Injection of autowired dependencies failed; nested exception is java.lang.IllegalArgumentException: Could not resolve placeholder 'mail.address' in value "${mail.address}"
	at org.springframework.beans.factory.annotation.AutowiredAnnotationBeanPostProcessor.postProcessProperties(AutowiredAnnotationBeanPostProcessor.java:405)
	at org.springframework.beans.factory.support.AbstractAutowireCapableBeanFactory.populateBean(AbstractAutowireCapableBeanFactory.java:1431)
	at org.springframework.beans.factory.support.AbstractAutowireCapableBeanFactory.doCreateBean(AbstractAutowireCapableBeanFactory.java:619)
	at org.springframework.beans.factory.support.AbstractAutowireCapableBeanFactory.createBean(AbstractAutowireCapableBeanFactory.java:542)
	at org.springframework.beans.factory.support.AbstractBeanFactory.lambda$doGetBean$0(AbstractBeanFactory.java:335)
	at org.springframework.beans.factory.support.DefaultSingletonBeanRegistry.getSingleton(DefaultSingletonBeanRegistry.java:234)
	at org.springframework.beans.factory.support.AbstractBeanFactory.doGetBean(AbstractBeanFactory.java:333)
	at org.springframework.beans.factory.support.AbstractBeanFactory.getBean(AbstractBeanFactory.java:208)
	at org.springframework.beans.factory.config.DependencyDescriptor.resolveCandidate(DependencyDescriptor.java:276)
	at org.springframework.beans.factory.support.DefaultListableBeanFactory.doResolveDependency(DefaultListableBeanFactory.java:1389)
	at org.springframework.beans.factory.support.DefaultListableBeanFactory.resolveDependency(DefaultListableBeanFactory.java:1309)
	at org.springframework.beans.factory.annotation.AutowiredAnnotationBeanPostProcessor$AutowiredFieldElement.resolveFieldValue(AutowiredAnnotationBeanPostProcessor.java:656)
	... 25 more
Caused by: java.lang.IllegalArgumentException: Could not resolve placeholder 'mail.address' in value "${mail.address}"
	at org.springframework.util.PropertyPlaceholderHelper.parseStringValue(PropertyPlaceholderHelper.java:180)
	at org.springframework.util.PropertyPlaceholderHelper.replacePlaceholders(PropertyPlaceholderHelper.java:126)
	at org.springframework.core.env.AbstractPropertyResolver.doResolvePlaceholders(AbstractPropertyResolver.java:239)
	at org.springframework.core.env.AbstractPropertyResolver.resolveRequiredPlaceholders(AbstractPropertyResolver.java:210)
	at org.springframework.context.support.PropertySourcesPlaceholderConfigurer.lambda$processProperties$0(PropertySourcesPlaceholderConfigurer.java:175)
	at org.springframework.beans.factory.support.AbstractBeanFactory.resolveEmbeddedValue(AbstractBeanFactory.java:936)
	at org.springframework.beans.factory.support.DefaultListableBeanFactory.doResolveDependency(DefaultListableBeanFactory.java:1330)
	at org.springframework.beans.factory.support.DefaultListableBeanFactory.resolveDependency(DefaultListableBeanFactory.java:1309)
	at org.springframework.beans.factory.annotation.AutowiredAnnotationBeanPostProcessor$AutowiredFieldElement.resolveFieldValue(AutowiredAnnotationBeanPostProcessor.java:656)
	at org.springframework.beans.factory.annotation.AutowiredAnnotationBeanPostProcessor$AutowiredFieldElement.inject(AutowiredAnnotationBeanPostProcessor.java:639)
	at org.springframework.beans.factory.annotation.InjectionMetadata.inject(InjectionMetadata.java:119)
	at org.springframework.beans.factory.annotation.AutowiredAnnotationBeanPostProcessor.postProcessProperties(AutowiredAnnotationBeanPostProcessor.java:399)
	... 36 more
2025-10-29 11:15:22 INFO [com.example.yin.YinMusicApplication]: Starting YinMusicApplication using Java 1.8.0_112 on DESKTOP-BL509D7 with PID 32 (D:\Work\USERPROG\github\music-website-master\music-server\target\classes started by liam in D:\Work\USERPROG\github\music-website-master)
2025-10-29 11:15:22 INFO [com.example.yin.YinMusicApplication]: The following profiles are active: dev
2025-10-29 11:15:22 INFO [org.springframework.boot.devtools.env.DevToolsPropertyDefaultsPostProcessor]: Devtools property defaults active! Set 'spring.devtools.add-properties' to 'false' to disable
2025-10-29 11:15:22 INFO [org.springframework.boot.devtools.env.DevToolsPropertyDefaultsPostProcessor]: For additional web related logging consider setting the 'logging.level.web' property to 'DEBUG'
2025-10-29 11:15:23 INFO [org.springframework.data.repository.config.RepositoryConfigurationDelegate]: Multiple Spring Data modules found, entering strict repository configuration mode!
2025-10-29 11:15:23 INFO [org.springframework.data.repository.config.RepositoryConfigurationDelegate]: Bootstrapping Spring Data Redis repositories in DEFAULT mode.
2025-10-29 11:15:23 INFO [org.springframework.data.repository.config.RepositoryConfigurationDelegate]: Finished Spring Data repository scanning in 17 ms. Found 0 Redis repository interfaces.
2025-10-29 11:15:26 INFO [org.springframework.boot.web.embedded.tomcat.TomcatWebServer]: Tomcat initialized with port(s): 8081 (http)
2025-10-29 11:15:26 INFO [org.springframework.boot.web.servlet.context.ServletWebServerApplicationContext]: Root WebApplicationContext: initialization completed in 3255 ms
2025-10-29 11:15:26 WARN [org.springframework.boot.web.servlet.context.AnnotationConfigServletWebServerApplicationContext]: Exception encountered during context initialization - cancelling refresh attempt: org.springframework.beans.factory.UnsatisfiedDependencyException: Error creating bean with name 'consumerController': Unsatisfied dependency expressed through field 'simpleOrderManager'; nested exception is org.springframework.beans.factory.UnsatisfiedDependencyException: Error creating bean with name 'simpleOrderManager': Unsatisfied dependency expressed through field 'mailSender'; nested exception is org.springframework.beans.factory.NoSuchBeanDefinitionException: No qualifying bean of type 'org.springframework.mail.javamail.JavaMailSender' available: expected at least 1 bean which qualifies as autowire candidate. Dependency annotations: {@org.springframework.beans.factory.annotation.Autowired(required=true)}
2025-10-29 11:15:26 INFO [org.springframework.boot.autoconfigure.logging.ConditionEvaluationReportLoggingListener]: 

Error starting ApplicationContext. To display the conditions report re-run your application with 'debug' enabled.
2025-10-29 11:15:26 ERROR [org.springframework.boot.diagnostics.LoggingFailureAnalysisReporter]: 

***************************
APPLICATION FAILED TO START
***************************

Description:

Field mailSender in com.example.yin.service.impl.SimpleOrderManager required a bean of type 'org.springframework.mail.javamail.JavaMailSender' that could not be found.

The injection point has the following annotations:
	- @org.springframework.beans.factory.annotation.Autowired(required=true)


Action:

Consider defining a bean of type 'org.springframework.mail.javamail.JavaMailSender' in your configuration.

2025-10-29 11:19:34 INFO [com.example.yin.YinMusicApplication]: Starting YinMusicApplication using Java 1.8.0_112 on DESKTOP-BL509D7 with PID 23148 (D:\Work\USERPROG\github\music-website-master\music-server\target\classes started by liam in D:\Work\USERPROG\github\music-website-master)
2025-10-29 11:19:34 INFO [com.example.yin.YinMusicApplication]: The following profiles are active: dev
2025-10-29 11:19:34 INFO [org.springframework.boot.devtools.env.DevToolsPropertyDefaultsPostProcessor]: Devtools property defaults active! Set 'spring.devtools.add-properties' to 'false' to disable
2025-10-29 11:19:34 INFO [org.springframework.boot.devtools.env.DevToolsPropertyDefaultsPostProcessor]: For additional web related logging consider setting the 'logging.level.web' property to 'DEBUG'
2025-10-29 11:19:35 INFO [org.springframework.data.repository.config.RepositoryConfigurationDelegate]: Multiple Spring Data modules found, entering strict repository configuration mode!
2025-10-29 11:19:35 INFO [org.springframework.data.repository.config.RepositoryConfigurationDelegate]: Bootstrapping Spring Data Redis repositories in DEFAULT mode.
2025-10-29 11:19:35 INFO [org.springframework.data.repository.config.RepositoryConfigurationDelegate]: Finished Spring Data repository scanning in 20 ms. Found 0 Redis repository interfaces.
2025-10-29 11:19:38 INFO [org.springframework.boot.web.embedded.tomcat.TomcatWebServer]: Tomcat initialized with port(s): 8081 (http)
2025-10-29 11:19:38 INFO [org.springframework.boot.web.servlet.context.ServletWebServerApplicationContext]: Root WebApplicationContext: initialization completed in 3349 ms
2025-10-29 11:19:39 INFO [org.springframework.boot.devtools.autoconfigure.OptionalLiveReloadServer]: LiveReload server is running on port 35729
2025-10-29 11:19:39 INFO [org.springframework.boot.actuate.endpoint.web.EndpointLinksResolver]: Exposing 1 endpoint(s) beneath base path '/actuator'
2025-10-29 11:19:39 INFO [org.springframework.boot.web.embedded.tomcat.TomcatWebServer]: Tomcat started on port(s): 8081 (http) with context path ''
2025-10-29 11:19:39 INFO [com.example.yin.YinMusicApplication]: Started YinMusicApplication in 4.763 seconds (JVM running for 5.749)
2025-10-29 11:19:39 INFO [org.springframework.web.servlet.DispatcherServlet]: Initializing Servlet 'dispatcherServlet'
2025-10-29 11:19:39 INFO [org.springframework.web.servlet.DispatcherServlet]: Completed initialization in 2 ms
2025-10-29 11:19:39 INFO [com.zaxxer.hikari.HikariDataSource]: HikariPool-1 - Starting...
2025-10-29 11:19:40 INFO [com.zaxxer.hikari.HikariDataSource]: HikariPool-1 - Start completed.
2025-10-29 11:19:51 WARN [org.springframework.web.servlet.PageNotFound]: No mapping for GET /
2025-10-29 11:19:51 WARN [org.springframework.web.servlet.PageNotFound]: No mapping for GET /favicon.ico
2025-10-29 11:20:09 WARN [org.springframework.web.servlet.PageNotFound]: No mapping for GET /
2025-10-29 11:20:09 WARN [org.springframework.web.servlet.PageNotFound]: No mapping for GET /
2025-10-29 11:22:09 WARN [org.springframework.web.servlet.PageNotFound]: No mapping for GET /
2025-10-29 11:23:02 WARN [org.springframework.web.servlet.PageNotFound]: No mapping for GET /user/login
2025-10-29 11:23:17 WARN [org.springframework.web.servlet.PageNotFound]: No mapping for GET /
2025-10-29 11:28:35 WARN [org.springframework.web.servlet.PageNotFound]: No mapping for GET /user/login
2025-10-29 11:35:40 WARN [org.springframework.web.servlet.PageNotFound]: No mapping for GET /
2025-10-29 11:36:49 WARN [org.springframework.web.servlet.PageNotFound]: No mapping for GET /user/login
2025-10-29 11:36:52 WARN [org.springframework.web.servlet.PageNotFound]: No mapping for GET /
2025-10-29 11:36:56 WARN [org.springframework.web.servlet.PageNotFound]: No mapping for GET /
2025-10-29 11:36:57 WARN [org.springframework.web.servlet.PageNotFound]: No mapping for GET /
2025-10-29 11:36:58 WARN [org.springframework.web.servlet.PageNotFound]: No mapping for GET /
2025-10-29 11:41:00 WARN [org.springframework.web.servlet.PageNotFound]: No mapping for GET /
2025-10-29 11:41:15 WARN [org.springframework.web.servlet.PageNotFound]: No mapping for GET /login
2025-10-29 11:48:55 WARN [org.springframework.web.servlet.PageNotFound]: No mapping for GET /
2025-10-29 11:50:31 WARN [org.springframework.web.servlet.PageNotFound]: No mapping for GET /
2025-10-29 11:50:32 WARN [org.springframework.web.servlet.PageNotFound]: No mapping for GET /
2025-10-29 11:50:32 WARN [org.springframework.web.servlet.PageNotFound]: No mapping for GET /
2025-10-29 11:50:32 WARN [org.springframework.web.servlet.PageNotFound]: No mapping for GET /
2025-10-29 11:50:33 WARN [org.springframework.web.servlet.PageNotFound]: No mapping for GET /
2025-10-29 11:52:10 INFO [com.zaxxer.hikari.HikariDataSource]: HikariPool-1 - Shutdown initiated...
2025-10-29 11:52:10 INFO [com.zaxxer.hikari.HikariDataSource]: HikariPool-1 - Shutdown completed.
2025-10-29 11:52:16 INFO [com.example.yin.YinMusicApplication]: Starting YinMusicApplication using Java 1.8.0_112 on DESKTOP-BL509D7 with PID 22712 (D:\Work\USERPROG\github\music-website-master\music-server\target\classes started by liam in D:\Work\USERPROG\github\music-website-master)
2025-10-29 11:52:16 INFO [com.example.yin.YinMusicApplication]: The following profiles are active: dev
2025-10-29 11:52:16 INFO [org.springframework.boot.devtools.env.DevToolsPropertyDefaultsPostProcessor]: Devtools property defaults active! Set 'spring.devtools.add-properties' to 'false' to disable
2025-10-29 11:52:16 INFO [org.springframework.boot.devtools.env.DevToolsPropertyDefaultsPostProcessor]: For additional web related logging consider setting the 'logging.level.web' property to 'DEBUG'
2025-10-29 11:52:17 INFO [org.springframework.data.repository.config.RepositoryConfigurationDelegate]: Multiple Spring Data modules found, entering strict repository configuration mode!
2025-10-29 11:52:17 INFO [org.springframework.data.repository.config.RepositoryConfigurationDelegate]: Bootstrapping Spring Data Redis repositories in DEFAULT mode.
2025-10-29 11:52:17 INFO [org.springframework.data.repository.config.RepositoryConfigurationDelegate]: Finished Spring Data repository scanning in 19 ms. Found 0 Redis repository interfaces.
2025-10-29 11:52:19 INFO [org.springframework.boot.web.embedded.tomcat.TomcatWebServer]: Tomcat initialized with port(s): 8081 (http)
2025-10-29 11:52:20 INFO [org.springframework.boot.web.servlet.context.ServletWebServerApplicationContext]: Root WebApplicationContext: initialization completed in 3232 ms
2025-10-29 11:52:20 INFO [org.springframework.boot.devtools.autoconfigure.OptionalLiveReloadServer]: LiveReload server is running on port 35729
2025-10-29 11:52:21 INFO [org.springframework.boot.actuate.endpoint.web.EndpointLinksResolver]: Exposing 1 endpoint(s) beneath base path '/actuator'
2025-10-29 11:52:21 INFO [org.springframework.boot.web.embedded.tomcat.TomcatWebServer]: Tomcat started on port(s): 8081 (http) with context path ''
2025-10-29 11:52:21 INFO [com.example.yin.YinMusicApplication]: Started YinMusicApplication in 4.696 seconds (JVM running for 5.621)
2025-10-29 11:52:21 INFO [org.springframework.web.servlet.DispatcherServlet]: Initializing Servlet 'dispatcherServlet'
2025-10-29 11:52:21 INFO [org.springframework.web.servlet.DispatcherServlet]: Completed initialization in 2 ms
2025-10-29 11:52:21 INFO [com.zaxxer.hikari.HikariDataSource]: HikariPool-1 - Starting...
2025-10-29 11:52:22 INFO [com.zaxxer.hikari.HikariDataSource]: HikariPool-1 - Start completed.
2025-10-29 11:52:31 WARN [org.springframework.web.servlet.PageNotFound]: No mapping for GET /login
2025-10-29 11:52:40 WARN [org.springframework.web.servlet.PageNotFound]: No mapping for GET /login
2025-10-29 11:52:43 WARN [org.springframework.web.servlet.PageNotFound]: No mapping for GET /
2025-10-29 11:53:34 INFO [com.zaxxer.hikari.HikariDataSource]: HikariPool-1 - Shutdown initiated...
2025-10-29 11:53:34 INFO [com.zaxxer.hikari.HikariDataSource]: HikariPool-1 - Shutdown completed.
2025-10-29 11:53:37 INFO [com.example.yin.YinMusicApplication]: Starting YinMusicApplication using Java 1.8.0_112 on DESKTOP-BL509D7 with PID 24256 (D:\Work\USERPROG\github\music-website-master\music-server\target\classes started by liam in D:\Work\USERPROG\github\music-website-master)
2025-10-29 11:53:37 INFO [com.example.yin.YinMusicApplication]: The following profiles are active: dev
2025-10-29 11:53:37 INFO [org.springframework.boot.devtools.env.DevToolsPropertyDefaultsPostProcessor]: Devtools property defaults active! Set 'spring.devtools.add-properties' to 'false' to disable
2025-10-29 11:53:37 INFO [org.springframework.boot.devtools.env.DevToolsPropertyDefaultsPostProcessor]: For additional web related logging consider setting the 'logging.level.web' property to 'DEBUG'
2025-10-29 11:53:38 INFO [org.springframework.data.repository.config.RepositoryConfigurationDelegate]: Multiple Spring Data modules found, entering strict repository configuration mode!
2025-10-29 11:53:38 INFO [org.springframework.data.repository.config.RepositoryConfigurationDelegate]: Bootstrapping Spring Data Redis repositories in DEFAULT mode.
2025-10-29 11:53:38 INFO [org.springframework.data.repository.config.RepositoryConfigurationDelegate]: Finished Spring Data repository scanning in 16 ms. Found 0 Redis repository interfaces.
2025-10-29 11:53:40 INFO [org.springframework.boot.web.embedded.tomcat.TomcatWebServer]: Tomcat initialized with port(s): 8081 (http)
2025-10-29 11:53:40 INFO [org.springframework.boot.web.servlet.context.ServletWebServerApplicationContext]: Root WebApplicationContext: initialization completed in 3248 ms
2025-10-29 11:53:41 INFO [org.springframework.boot.devtools.autoconfigure.OptionalLiveReloadServer]: LiveReload server is running on port 35729
2025-10-29 11:53:41 INFO [org.springframework.boot.actuate.endpoint.web.EndpointLinksResolver]: Exposing 1 endpoint(s) beneath base path '/actuator'
2025-10-29 11:53:41 INFO [org.springframework.boot.web.embedded.tomcat.TomcatWebServer]: Tomcat started on port(s): 8081 (http) with context path ''
2025-10-29 11:53:41 INFO [com.example.yin.YinMusicApplication]: Started YinMusicApplication in 5.085 seconds (JVM running for 6.011)
2025-10-29 11:53:42 INFO [org.springframework.web.servlet.DispatcherServlet]: Initializing Servlet 'dispatcherServlet'
2025-10-29 11:53:42 INFO [org.springframework.web.servlet.DispatcherServlet]: Completed initialization in 1 ms
2025-10-29 11:53:42 INFO [com.zaxxer.hikari.HikariDataSource]: HikariPool-1 - Starting...
2025-10-29 11:53:43 INFO [com.zaxxer.hikari.HikariDataSource]: HikariPool-1 - Start completed.
2025-10-29 11:54:25 WARN [org.springframework.web.servlet.PageNotFound]: No mapping for GET /
2025-10-29 12:00:58 INFO [com.zaxxer.hikari.HikariDataSource]: HikariPool-1 - Shutdown initiated...
2025-10-29 12:00:58 INFO [com.zaxxer.hikari.HikariDataSource]: HikariPool-1 - Shutdown completed.
2025-10-29 12:01:01 INFO [com.example.yin.YinMusicApplication]: Starting YinMusicApplication using Java 1.8.0_112 on DESKTOP-BL509D7 with PID 14388 (D:\Work\USERPROG\github\music-website-master\music-server\target\classes started by liam in D:\Work\USERPROG\github\music-website-master)
2025-10-29 12:01:01 INFO [com.example.yin.YinMusicApplication]: The following profiles are active: dev
2025-10-29 12:01:01 INFO [org.springframework.boot.devtools.env.DevToolsPropertyDefaultsPostProcessor]: Devtools property defaults active! Set 'spring.devtools.add-properties' to 'false' to disable
2025-10-29 12:01:01 INFO [org.springframework.boot.devtools.env.DevToolsPropertyDefaultsPostProcessor]: For additional web related logging consider setting the 'logging.level.web' property to 'DEBUG'
2025-10-29 12:01:02 INFO [org.springframework.data.repository.config.RepositoryConfigurationDelegate]: Multiple Spring Data modules found, entering strict repository configuration mode!
2025-10-29 12:01:02 INFO [org.springframework.data.repository.config.RepositoryConfigurationDelegate]: Bootstrapping Spring Data Redis repositories in DEFAULT mode.
2025-10-29 12:01:02 INFO [org.springframework.data.repository.config.RepositoryConfigurationDelegate]: Finished Spring Data repository scanning in 14 ms. Found 0 Redis repository interfaces.
2025-10-29 12:01:04 INFO [org.springframework.boot.web.embedded.tomcat.TomcatWebServer]: Tomcat initialized with port(s): 8081 (http)
2025-10-29 12:01:04 INFO [org.springframework.boot.web.servlet.context.ServletWebServerApplicationContext]: Root WebApplicationContext: initialization completed in 3008 ms
2025-10-29 12:01:05 INFO [org.springframework.boot.devtools.autoconfigure.OptionalLiveReloadServer]: LiveReload server is running on port 35729
2025-10-29 12:01:05 INFO [org.springframework.boot.actuate.endpoint.web.EndpointLinksResolver]: Exposing 1 endpoint(s) beneath base path '/actuator'
2025-10-29 12:01:05 INFO [org.springframework.boot.web.embedded.tomcat.TomcatWebServer]: Tomcat started on port(s): 8081 (http) with context path ''
2025-10-29 12:01:05 INFO [com.example.yin.YinMusicApplication]: Started YinMusicApplication in 4.524 seconds (JVM running for 5.591)
2025-10-29 12:01:06 INFO [org.springframework.web.servlet.DispatcherServlet]: Initializing Servlet 'dispatcherServlet'
2025-10-29 12:01:06 INFO [org.springframework.web.servlet.DispatcherServlet]: Completed initialization in 2 ms
2025-10-29 12:01:06 INFO [com.zaxxer.hikari.HikariDataSource]: HikariPool-1 - Starting...
2025-10-29 12:01:06 INFO [com.zaxxer.hikari.HikariDataSource]: HikariPool-1 - Start completed.
2025-10-29 12:01:46 INFO [com.zaxxer.hikari.HikariDataSource]: HikariPool-1 - Shutdown initiated...
2025-10-29 12:01:46 INFO [com.zaxxer.hikari.HikariDataSource]: HikariPool-1 - Shutdown completed.
2025-10-29 12:04:37 INFO [com.example.yin.YinMusicApplication]: Starting YinMusicApplication using Java 1.8.0_112 on DESKTOP-BL509D7 with PID 16220 (D:\Work\USERPROG\github\music-website-master\music-server\target\classes started by liam in D:\Work\USERPROG\github\music-website-master)
2025-10-29 12:04:37 INFO [com.example.yin.YinMusicApplication]: The following profiles are active: dev
2025-10-29 12:04:37 INFO [org.springframework.boot.devtools.env.DevToolsPropertyDefaultsPostProcessor]: Devtools property defaults active! Set 'spring.devtools.add-properties' to 'false' to disable
2025-10-29 12:04:37 INFO [org.springframework.boot.devtools.env.DevToolsPropertyDefaultsPostProcessor]: For additional web related logging consider setting the 'logging.level.web' property to 'DEBUG'
2025-10-29 12:04:38 INFO [org.springframework.data.repository.config.RepositoryConfigurationDelegate]: Multiple Spring Data modules found, entering strict repository configuration mode!
2025-10-29 12:04:38 INFO [org.springframework.data.repository.config.RepositoryConfigurationDelegate]: Bootstrapping Spring Data Redis repositories in DEFAULT mode.
2025-10-29 12:04:38 INFO [org.springframework.data.repository.config.RepositoryConfigurationDelegate]: Finished Spring Data repository scanning in 15 ms. Found 0 Redis repository interfaces.
2025-10-29 12:04:40 INFO [org.springframework.boot.web.embedded.tomcat.TomcatWebServer]: Tomcat initialized with port(s): 8081 (http)
2025-10-29 12:04:40 INFO [org.springframework.boot.web.servlet.context.ServletWebServerApplicationContext]: Root WebApplicationContext: initialization completed in 3250 ms
2025-10-29 12:04:41 INFO [org.springframework.boot.devtools.autoconfigure.OptionalLiveReloadServer]: LiveReload server is running on port 35729
2025-10-29 12:04:41 INFO [org.springframework.boot.actuate.endpoint.web.EndpointLinksResolver]: Exposing 1 endpoint(s) beneath base path '/actuator'
2025-10-29 12:04:41 INFO [org.springframework.boot.web.embedded.tomcat.TomcatWebServer]: Tomcat started on port(s): 8081 (http) with context path ''
2025-10-29 12:04:41 INFO [com.example.yin.YinMusicApplication]: Started YinMusicApplication in 4.888 seconds (JVM running for 6.13)
2025-10-29 12:04:42 INFO [org.springframework.web.servlet.DispatcherServlet]: Initializing Servlet 'dispatcherServlet'
2025-10-29 12:04:42 INFO [org.springframework.web.servlet.DispatcherServlet]: Completed initialization in 2 ms
2025-10-29 12:04:43 INFO [com.zaxxer.hikari.HikariDataSource]: HikariPool-1 - Starting...
2025-10-29 12:04:43 INFO [com.zaxxer.hikari.HikariDataSource]: HikariPool-1 - Start completed.
2025-10-29 12:07:07 INFO [com.zaxxer.hikari.HikariDataSource]: HikariPool-1 - Shutdown initiated...
2025-10-29 12:07:07 INFO [com.zaxxer.hikari.HikariDataSource]: HikariPool-1 - Shutdown completed.
2025-10-29 12:07:10 INFO [com.example.yin.YinMusicApplication]: Starting YinMusicApplication using Java 1.8.0_112 on DESKTOP-BL509D7 with PID 24128 (D:\Work\USERPROG\github\music-website-master\music-server\target\classes started by liam in D:\Work\USERPROG\github\music-website-master)
2025-10-29 12:07:10 INFO [com.example.yin.YinMusicApplication]: The following profiles are active: dev
2025-10-29 12:07:10 INFO [org.springframework.boot.devtools.env.DevToolsPropertyDefaultsPostProcessor]: Devtools property defaults active! Set 'spring.devtools.add-properties' to 'false' to disable
2025-10-29 12:07:10 INFO [org.springframework.boot.devtools.env.DevToolsPropertyDefaultsPostProcessor]: For additional web related logging consider setting the 'logging.level.web' property to 'DEBUG'
2025-10-29 12:07:11 INFO [org.springframework.data.repository.config.RepositoryConfigurationDelegate]: Multiple Spring Data modules found, entering strict repository configuration mode!
2025-10-29 12:07:11 INFO [org.springframework.data.repository.config.RepositoryConfigurationDelegate]: Bootstrapping Spring Data Redis repositories in DEFAULT mode.
2025-10-29 12:07:11 INFO [org.springframework.data.repository.config.RepositoryConfigurationDelegate]: Finished Spring Data repository scanning in 15 ms. Found 0 Redis repository interfaces.
2025-10-29 12:07:13 INFO [org.springframework.boot.web.embedded.tomcat.TomcatWebServer]: Tomcat initialized with port(s): 8081 (http)
2025-10-29 12:07:13 INFO [org.springframework.boot.web.servlet.context.ServletWebServerApplicationContext]: Root WebApplicationContext: initialization completed in 3288 ms
2025-10-29 12:07:14 INFO [org.springframework.boot.devtools.autoconfigure.OptionalLiveReloadServer]: LiveReload server is running on port 35729
2025-10-29 12:07:14 INFO [org.springframework.boot.actuate.endpoint.web.EndpointLinksResolver]: Exposing 1 endpoint(s) beneath base path '/actuator'
2025-10-29 12:07:14 INFO [org.springframework.boot.web.embedded.tomcat.TomcatWebServer]: Tomcat started on port(s): 8081 (http) with context path ''
2025-10-29 12:07:14 INFO [com.example.yin.YinMusicApplication]: Started YinMusicApplication in 4.978 seconds (JVM running for 5.963)
2025-10-29 12:07:15 INFO [org.springframework.web.servlet.DispatcherServlet]: Initializing Servlet 'dispatcherServlet'
2025-10-29 12:07:15 INFO [org.springframework.web.servlet.DispatcherServlet]: Completed initialization in 1 ms
2025-10-29 12:07:15 INFO [com.zaxxer.hikari.HikariDataSource]: HikariPool-1 - Starting...
2025-10-29 12:07:15 INFO [com.zaxxer.hikari.HikariDataSource]: HikariPool-1 - Start completed.
2025-10-29 12:16:00 WARN [org.springframework.web.servlet.PageNotFound]: No mapping for GET /
2025-10-29 12:31:04 INFO [com.zaxxer.hikari.HikariDataSource]: HikariPool-1 - Shutdown initiated...
2025-10-29 12:31:04 INFO [com.zaxxer.hikari.HikariDataSource]: HikariPool-1 - Shutdown completed.
2025-10-29 12:31:14 INFO [com.example.yin.YinMusicApplication]: Starting YinMusicApplication using Java 1.8.0_112 on DESKTOP-BL509D7 with PID 12068 (D:\Work\USERPROG\github\music-website-master\music-server\target\classes started by liam in D:\Work\USERPROG\github\music-website-master)
2025-10-29 12:31:14 INFO [com.example.yin.YinMusicApplication]: The following profiles are active: dev
2025-10-29 12:31:14 INFO [org.springframework.boot.devtools.env.DevToolsPropertyDefaultsPostProcessor]: Devtools property defaults active! Set 'spring.devtools.add-properties' to 'false' to disable
2025-10-29 12:31:14 INFO [org.springframework.boot.devtools.env.DevToolsPropertyDefaultsPostProcessor]: For additional web related logging consider setting the 'logging.level.web' property to 'DEBUG'
2025-10-29 12:31:16 INFO [org.springframework.data.repository.config.RepositoryConfigurationDelegate]: Multiple Spring Data modules found, entering strict repository configuration mode!
2025-10-29 12:31:16 INFO [org.springframework.data.repository.config.RepositoryConfigurationDelegate]: Bootstrapping Spring Data Redis repositories in DEFAULT mode.
2025-10-29 12:31:16 INFO [org.springframework.data.repository.config.RepositoryConfigurationDelegate]: Finished Spring Data repository scanning in 14 ms. Found 0 Redis repository interfaces.
2025-10-29 12:31:20 INFO [org.springframework.boot.web.embedded.tomcat.TomcatWebServer]: Tomcat initialized with port(s): 8081 (http)
2025-10-29 12:31:20 INFO [org.springframework.boot.web.servlet.context.ServletWebServerApplicationContext]: Root WebApplicationContext: initialization completed in 6329 ms
2025-10-29 12:31:22 INFO [org.springframework.boot.devtools.autoconfigure.OptionalLiveReloadServer]: LiveReload server is running on port 35729
2025-10-29 12:31:22 INFO [org.springframework.boot.actuate.endpoint.web.EndpointLinksResolver]: Exposing 1 endpoint(s) beneath base path '/actuator'
2025-10-29 12:31:22 INFO [org.springframework.boot.web.embedded.tomcat.TomcatWebServer]: Tomcat started on port(s): 8081 (http) with context path ''
2025-10-29 12:31:22 INFO [com.example.yin.YinMusicApplication]: Started YinMusicApplication in 8.302 seconds (JVM running for 9.403)
2025-10-29 12:31:22 INFO [org.springframework.web.servlet.DispatcherServlet]: Initializing Servlet 'dispatcherServlet'
2025-10-29 12:31:22 INFO [org.springframework.web.servlet.DispatcherServlet]: Completed initialization in 4 ms
2025-10-29 12:31:22 INFO [com.zaxxer.hikari.HikariDataSource]: HikariPool-1 - Starting...
2025-10-29 12:31:22 INFO [com.zaxxer.hikari.HikariDataSource]: HikariPool-1 - Start completed.
2025-10-29 12:46:29 WARN [org.springframework.web.servlet.PageNotFound]: No mapping for GET /
2025-10-29 13:52:23 INFO [com.zaxxer.hikari.HikariDataSource]: HikariPool-1 - Shutdown initiated...
2025-10-29 13:52:23 INFO [com.zaxxer.hikari.HikariDataSource]: HikariPool-1 - Shutdown completed.
